<?xml version="1.0" encoding="UTF-8"?>
<!-- Generated by org.testng.reporters.JUnitXMLReporter -->
<testsuite ignored="2" hostname="Asus" failures="0" tests="3" name="Sanity Tests Suite Executions " time="7.012" errors="0" timestamp="2024-08-29T15:07:14 IST">
  <testcase classname="TestCases.OptionPageTestCases" name="allCheckBoxFunctioanlityTest" time="0.259"/>
  <testcase classname="TestCases.OptionPageTestCases" name="changeDectionaryLanguageTest" time="0.484"/>
  <testcase classname="TestCases.DashBoardPageTestCases" name="searchTest" time="1.274"/>
  <testcase classname="TestCases.OptionPageTestCases" name="optionsPageLogoVerifcationTest" time="0.0">
    <ignored/>
  </testcase> <!-- optionsPageLogoVerifcationTest -->
  <testcase classname="TestCases.OptionPageTestCases" name="optionPageHeaderTitleVerifcationTest" time="0.0">
    <ignored/>
  </testcase> <!-- optionPageHeaderTitleVerifcationTest -->
</testsuite> <!-- Sanity Tests Suite Executions  -->
