<?xml version="1.0" encoding="UTF-8"?>
<!-- Generated by org.testng.reporters.JUnitXMLReporter -->
<testsuite ignored="2" hostname="Asus" failures="0" tests="3" name="Sanity Tests Executions" time="4.862" errors="0" timestamp="2024-08-27T12:47:27 IST">
  <testcase classname="TestCases.OptionPageTestCases" name="allCheckBoxFunctioanlityTest" time="0.201"/>
  <testcase classname="TestCases.OptionPageTestCases" name="changeDectionaryLanguageTest" time="0.361"/>
  <testcase classname="TestCases.DashBoardPageTestCases" name="searchTest" time="0.232"/>
  <testcase classname="TestCases.OptionPageTestCases" name="optionPageHeaderTitleVerifcationTest" time="0.0">
    <ignored/>
  </testcase> <!-- optionPageHeaderTitleVerifcationTest -->
  <testcase classname="TestCases.OptionPageTestCases" name="optionsPageLogoVerifcationTest" time="0.0">
    <ignored/>
  </testcase> <!-- optionsPageLogoVerifcationTest -->
</testsuite> <!-- Sanity Tests Executions -->
