<?xml version="1.0" encoding="UTF-8"?>
<!-- Generated by org.testng.reporters.JUnitXMLReporter -->
<testsuite ignored="3" hostname="Asus" failures="0" tests="2" name="Smoke Tests Suite Executions" time="3.702" errors="0" timestamp="2024-08-29T15:07:26 IST">
  <testcase classname="TestCases.OptionPageTestCases" name="optionsPageLogoVerifcationTest" time="0.088"/>
  <testcase classname="TestCases.OptionPageTestCases" name="optionPageHeaderTitleVerifcationTest" time="0.13"/>
  <testcase classname="TestCases.OptionPageTestCases" name="allCheckBoxFunctioanlityTest" time="0.0">
    <ignored/>
  </testcase> <!-- allCheckBoxFunctioanlityTest -->
  <testcase classname="TestCases.DashBoardPageTestCases" name="searchTest" time="0.0">
    <ignored/>
  </testcase> <!-- searchTest -->
  <testcase classname="TestCases.OptionPageTestCases" name="changeDectionaryLanguageTest" time="0.0">
    <ignored/>
  </testcase> <!-- changeDectionaryLanguageTest -->
</testsuite> <!-- Smoke Tests Suite Executions -->
