<?xml version="1.0" encoding="UTF-8"?>
<!-- Generated by org.testng.reporters.JUnitXMLReporter -->
<testsuite ignored="5" hostname="Asus" failures="0" tests="0" time="0.009" errors="0" timestamp="2024-08-26T13:40:02 IST">
  <testcase classname="TestCases.OptionPageTestCases" name="optionPageHeaderTitleVerifcationTest" time="0.0">
    <ignored/>
  </testcase> <!-- optionPageHeaderTitleVerifcationTest -->
  <testcase classname="TestCases.OptionPageTestCases" name="allCheckBoxFunctioanlityTest" time="0.0">
    <ignored/>
  </testcase> <!-- allCheckBoxFunctioanlityTest -->
  <testcase classname="TestCases.DashBoardPageTestCases" name="searchTest" time="0.0">
    <ignored/>
  </testcase> <!-- searchTest -->
  <testcase classname="TestCases.OptionPageTestCases" name="changeDectionaryLanguageTest" time="0.0">
    <ignored/>
  </testcase> <!-- changeDectionaryLanguageTest -->
  <testcase classname="TestCases.OptionPageTestCases" name="optionsPageLogoVerifcationTest" time="0.0">
    <ignored/>
  </testcase> <!-- optionsPageLogoVerifcationTest -->
</testsuite>
