<?xml version="1.0" encoding="UTF-8"?>
<!-- Generated by org.testng.reporters.JUnitXMLReporter -->
<testsuite ignored="3" hostname="Asus" failures="0" tests="2" name="Smoke Tests Executions" time="2.839" errors="0" timestamp="2024-08-26T13:49:06 IST">
  <testcase classname="TestCases.OptionPageTestCases" name="optionsPageLogoVerifcationTest" time="0.06"/>
  <testcase classname="TestCases.OptionPageTestCases" name="optionPageHeaderTitleVerifcationTest" time="0.086"/>
  <testcase classname="TestCases.OptionPageTestCases" name="changeDectionaryLanguageTest" time="0.0">
    <ignored/>
  </testcase> <!-- changeDectionaryLanguageTest -->
  <testcase classname="TestCases.OptionPageTestCases" name="allCheckBoxFunctioanlityTest" time="0.0">
    <ignored/>
  </testcase> <!-- allCheckBoxFunctioanlityTest -->
  <testcase classname="TestCases.DashBoardPageTestCases" name="searchTest" time="0.0">
    <ignored/>
  </testcase> <!-- searchTest -->
</testsuite> <!-- Smoke Tests Executions -->
