<?xml version="1.0" encoding="UTF-8"?>
<!-- Generated by org.testng.reporters.JUnitXMLReporter -->
<testsuite ignored="4" hostname="Asus" failures="0" tests="1" name="Regression Tests Executions" time="3.791" errors="0" timestamp="2024-08-26T22:09:10 IST">
  <testcase classname="TestCases.OptionPageTestCases" name="changeDectionaryLanguageTest" time="0.485"/>
  <testcase classname="TestCases.OptionPageTestCases" name="optionPageHeaderTitleVerifcationTest" time="0.0">
    <ignored/>
  </testcase> <!-- optionPageHeaderTitleVerifcationTest -->
  <testcase classname="TestCases.OptionPageTestCases" name="allCheckBoxFunctioanlityTest" time="0.0">
    <ignored/>
  </testcase> <!-- allCheckBoxFunctioanlityTest -->
  <testcase classname="TestCases.OptionPageTestCases" name="optionsPageLogoVerifcationTest" time="0.0">
    <ignored/>
  </testcase> <!-- optionsPageLogoVerifcationTest -->
  <testcase classname="TestCases.DashBoardPageTestCases" name="searchTest" time="0.0">
    <ignored/>
  </testcase> <!-- searchTest -->
</testsuite> <!-- Regression Tests Executions -->
