<?xml version="1.0" encoding="UTF-8"?>
<!-- Generated by org.testng.reporters.JUnitXMLReporter -->
<testsuite ignored="4" hostname="Asus" failures="0" tests="1" name="Regression Tests Suite Executions" time="1.891" errors="0" timestamp="2024-09-20T13:22:14 IST">
  <testcase classname="TestCases.OptionPageTestCases" name="changeDectionaryLanguageTest" time="0.319"/>
  <testcase classname="TestCases.DashBoardPageTestCases" name="searchTest" time="0.0">
    <ignored/>
  </testcase> <!-- searchTest -->
  <testcase classname="TestCases.OptionPageTestCases" name="optionPageHeaderTitleVerifcationTest" time="0.0">
    <ignored/>
  </testcase> <!-- optionPageHeaderTitleVerifcationTest -->
  <testcase classname="TestCases.OptionPageTestCases" name="optionsPageLogoVerifcationTest" time="0.0">
    <ignored/>
  </testcase> <!-- optionsPageLogoVerifcationTest -->
  <testcase classname="TestCases.OptionPageTestCases" name="allCheckBoxFunctioanlityTest" time="0.0">
    <ignored/>
  </testcase> <!-- allCheckBoxFunctioanlityTest -->
</testsuite> <!-- Regression Tests Suite Executions -->
