<?xml version="1.0" encoding="UTF-8"?>
<!-- Generated by org.testng.reporters.JUnitXMLReporter -->
<testsuite ignored="0" hostname="Asus" failures="0" tests="5" name="All Tests Suite Executions" time="9.866" errors="0" timestamp="2024-09-21T10:32:03 IST">
  <testcase classname="TestCases.OptionPageTestCases" name="optionsPageLogoVerifcationTest" time="0.079"/>
  <testcase classname="TestCases.OptionPageTestCases" name="optionPageHeaderTitleVerifcationTest" time="0.067"/>
  <testcase classname="TestCases.OptionPageTestCases" name="allCheckBoxFunctioanlityTest" time="0.31"/>
  <testcase classname="TestCases.OptionPageTestCases" name="changeDectionaryLanguageTest" time="0.472"/>
  <testcase classname="TestCases.DashBoardPageTestCases" name="searchTest" time="1.055"/>
</testsuite> <!-- All Tests Suite Executions -->
