<?xml version="1.0" encoding="UTF-8"?>
<!-- Generated by org.testng.reporters.JUnitXMLReporter -->
<testsuite ignored="0" hostname="Asus" failures="0" tests="5" name="All Tests Suite Excutions" time="10.09" errors="0" timestamp="2024-08-29T15:06:45 IST">
  <testcase classname="TestCases.OptionPageTestCases" name="optionsPageLogoVerifcationTest" time="0.097"/>
  <testcase classname="TestCases.OptionPageTestCases" name="optionPageHeaderTitleVerifcationTest" time="0.125"/>
  <testcase classname="TestCases.OptionPageTestCases" name="allCheckBoxFunctioanlityTest" time="0.315"/>
  <testcase classname="TestCases.OptionPageTestCases" name="changeDectionaryLanguageTest" time="0.479"/>
  <testcase classname="TestCases.DashBoardPageTestCases" name="searchTest" time="1.168"/>
</testsuite> <!-- All Tests Suite Excutions -->
