<?xml version="1.0" encoding="UTF-8"?>
<!-- Generated by org.testng.reporters.JUnitXMLReporter -->
<testsuite ignored="0" hostname="Asus" failures="0" tests="5" name="All Tests Suite Executions" time="12.423" errors="0" timestamp="2024-09-21T10:13:09 IST">
  <testcase classname="TestCases.OptionPageTestCases" name="optionsPageLogoVerifcationTest" time="0.086"/>
  <testcase classname="TestCases.OptionPageTestCases" name="optionPageHeaderTitleVerifcationTest" time="0.134"/>
  <testcase classname="TestCases.OptionPageTestCases" name="allCheckBoxFunctioanlityTest" time="0.288"/>
  <testcase classname="TestCases.OptionPageTestCases" name="changeDectionaryLanguageTest" time="0.512"/>
  <testcase classname="TestCases.DashBoardPageTestCases" name="searchTest" time="0.978"/>
</testsuite> <!-- All Tests Suite Executions -->
